<?xml version="1.0" encoding="UTF-8"?>
<!-- Generated by org.testng.reporters.JUnitXMLReporter -->
<testsuite ignored="0" hostname="Himanshu" failures="1" tests="2" name="Test" time="64.195" errors="0" timestamp="2024-01-26T20:31:44 IST">
  <testcase classname="io.cucumber.testng.AbstractTestNGCucumberTests" name="runScenario" time="18.742">
    <failure type="java.lang.AssertionError" message="expected [true] but found [false]">
      <![CDATA[java.lang.AssertionError: expected [true] but found [false]
at executions.Homepagesteps.page_title_should_contains(Homepagesteps.java:30)
at âœ½.page title should contains "Shopppping"(file:///F:/eclipse/eclipse/ATT%2019%20August%20class/Jenkins_Maven_Project/src/test/resources/Executions/Homepage.feature:5)
... Removed 4 stack frames]]>
    </failure>
  </testcase> <!-- runScenario -->
  <testcase classname="io.cucumber.testng.AbstractTestNGCucumberTests" name="runScenario" time="33.2"/>
</testsuite> <!-- Test -->
