<?xml version="1.0" encoding="UTF-8"?>
<!-- Generated by org.testng.reporters.JUnitReportReporter -->
<testsuite hostname="Himanshu" failures="1" tests="2" name="executions.amazonrunner" time="51.942" errors="0" timestamp="2024-01-26T20:31:44 IST" skipped="0">
  <testcase classname="executions.amazonrunner" name="runScenario" time="33.200"/>
  <system-out/>
  <testcase classname="executions.amazonrunner" name="runScenario" time="18.742">
    <failure message="expected [true] but found [false]" type="java.lang.AssertionError">
      <![CDATA[java.lang.AssertionError: expected [true] but found [false]
at org.testng.Assert.fail(Assert.java:110)
at org.testng.Assert.failNotEquals(Assert.java:1577)
at org.testng.Assert.assertTrue(Assert.java:56)
at org.testng.Assert.assertTrue(Assert.java:66)
at executions.Homepagesteps.page_title_should_contains(Homepagesteps.java:30)
at âœ½.page title should contains "Shopppping"(file:///F:/eclipse/eclipse/ATT%2019%20August%20class/Jenkins_Maven_Project/src/test/resources/Executions/Homepage.feature:5)
]]>
    </failure>
  </testcase> <!-- runScenario -->
  <system-out/>
</testsuite> <!-- executions.amazonrunner -->
